d:\workz\projects\qt\sample\debug\vc120.pdb
d:\workz\projects\qt\sample\debug\sample.obj
d:\workz\projects\qt\sample\debug\main.obj
d:\workz\projects\qt\sample\debug\moc_sample.obj
d:\workz\projects\qt\sample\debug\qrc_sample.obj
d:\workz\projects\qt\sample\generatedfiles\debug\moc_sample.cpp
d:\workz\projects\qt\sample\generatedfiles\ui_sample.h
d:\workz\projects\qt\sample\generatedfiles\qrc_sample.cpp
d:\workz\projects\qt\sample\win32\debug\sample.ilk
d:\workz\projects\qt\sample\win32\debug\sample.exe
d:\workz\projects\qt\sample\win32\debug\sample.pdb
d:\workz\projects\qt\sample\debug\sample.tlog\cl.command.1.tlog
d:\workz\projects\qt\sample\debug\sample.tlog\cl.read.1.tlog
d:\workz\projects\qt\sample\debug\sample.tlog\cl.write.1.tlog
d:\workz\projects\qt\sample\debug\sample.tlog\custombuild.command.1.tlog
d:\workz\projects\qt\sample\debug\sample.tlog\custombuild.read.1.tlog
d:\workz\projects\qt\sample\debug\sample.tlog\custombuild.write.1.tlog
d:\workz\projects\qt\sample\debug\sample.tlog\link.command.1.tlog
d:\workz\projects\qt\sample\debug\sample.tlog\link.read.1.tlog
d:\workz\projects\qt\sample\debug\sample.tlog\link.write.1.tlog
